<?xml version="1.0" encoding="UTF-8"?>
<testng-results skipped="0" failed="0" total="2" passed="2">
  <reporter-output>
  </reporter-output>
  <suite name="Default suite" duration-ms="205122" started-at="2023-07-15T13:28:06Z" finished-at="2023-07-15T13:31:31Z">
    <groups>
    </groups>
    <test name="Default test" duration-ms="205122" started-at="2023-07-15T13:28:06Z" finished-at="2023-07-15T13:31:31Z">
      <class name="Atest.paymenttest">
        <test-method status="PASS" signature="before()[pri:0, instance:Atest.paymenttest@402a079c]" name="before" is-config="true" duration-ms="45580" started-at="2023-07-15T18:58:06Z" finished-at="2023-07-15T18:58:52Z">
          <reporter-output>
          </reporter-output>
        </test-method> <!-- before -->
        <test-method status="PASS" signature="Verfiyupitest()[pri:0, instance:Atest.paymenttest@402a079c]" name="Verfiyupitest" duration-ms="39586" started-at="2023-07-15T18:58:52Z" finished-at="2023-07-15T18:59:31Z">
          <reporter-output>
          </reporter-output>
        </test-method> <!-- Verfiyupitest -->
        <test-method status="PASS" signature="after()[pri:0, instance:Atest.paymenttest@402a079c]" name="after" is-config="true" duration-ms="1147" started-at="2023-07-15T18:59:31Z" finished-at="2023-07-15T18:59:32Z">
          <reporter-output>
          </reporter-output>
        </test-method> <!-- after -->
        <test-method status="PASS" signature="before()[pri:0, instance:Atest.paymenttest@402a079c]" name="before" is-config="true" duration-ms="46066" started-at="2023-07-15T18:59:32Z" finished-at="2023-07-15T19:00:18Z">
          <reporter-output>
          </reporter-output>
        </test-method> <!-- before -->
        <test-method status="PASS" signature="Verfiycardtest()[pri:0, instance:Atest.paymenttest@402a079c]" name="Verfiycardtest" duration-ms="48409" started-at="2023-07-15T19:00:18Z" finished-at="2023-07-15T19:01:07Z">
          <reporter-output>
          </reporter-output>
        </test-method> <!-- Verfiycardtest -->
        <test-method status="PASS" signature="after()[pri:0, instance:Atest.paymenttest@402a079c]" name="after" is-config="true" duration-ms="24323" started-at="2023-07-15T19:01:07Z" finished-at="2023-07-15T19:01:31Z">
          <reporter-output>
          </reporter-output>
        </test-method> <!-- after -->
      </class> <!-- Atest.paymenttest -->
    </test> <!-- Default test -->
  </suite> <!-- Default suite -->
</testng-results>
